<?xml version="1.0" encoding="UTF-8"?>
<testsuite name="Tests" tests="3" skipped="0" failures="0" errors="0" timestamp="2021-09-26T19:38:30" hostname="UJ-PC" time="0.134">
  <properties/>
  <testcase name="baseWorking" classname="Tests" time="0.02"/>
  <testcase name="prefixWorking" classname="Tests" time="0.009"/>
  <testcase name="checkSetContentLengthWorks" classname="Tests" time="0.104"/>
  <system-out><![CDATA[]]></system-out>
  <system-err><![CDATA[SLF4J: Failed to load class "org.slf4j.impl.StaticLoggerBinder".
SLF4J: Defaulting to no-operation (NOP) logger implementation
SLF4J: See http://www.slf4j.org/codes.html#StaticLoggerBinder for further details.
]]></system-err>
</testsuite>
